Using pre-set license
Built from '2020.3/staging' branch; Version is '2020.3.4f1 (0abb6314276a) revision 703331'; Using compiler version '192528614'; Build Type 'Release'
OS: 'Windows 10 Home; OS build 18363.1556; Version 1909; 64bit' Language: 'pt' Physical Memory: 3967 MB
BatchMode: 1, IsHumanControllingUs: 0, StartBugReporterOnCrash: 0, Is64bit: 1, IsPro: 0

 COMMAND LINE ARGUMENTS:
C:\Program Files\Unity\Hub\Editor\2020.3.4f1\Editor\Unity.exe
-adb2
-batchMode
-noUpm
-name
AssetImportWorker4
-projectPath
C:/Users/x/Desktop/RobotGuardBTStarter
-logFile
Logs/AssetImportWorker4.log
-srvPort
49399
Successfully changed project path to: C:/Users/x/Desktop/RobotGuardBTStarter
C:/Users/x/Desktop/RobotGuardBTStarter
Using Asset Import Pipeline V2.
Refreshing native plugins compatible for Editor in 25.66 ms, found 0 plugins.
Preloading 0 native plugins for Editor in 0.00 ms.
Initialize engine version: 2020.3.4f1 (0abb6314276a)
[Subsystems] Discovering subsystems at path C:/Program Files/Unity/Hub/Editor/2020.3.4f1/Editor/Data/Resources/UnitySubsystems
[Subsystems] Discovering subsystems at path C:/Users/x/Desktop/RobotGuardBTStarter/Assets
GfxDevice: creating device client; threaded=0
Direct3D:
    Version:  Direct3D 11.0 [level 11.1]
    Renderer: Intel(R) HD Graphics 4400 (ID=0x41e)
    Vendor:   
    VRAM:     1983 MB
    Driver:   20.19.15.4835
Initialize mono
Mono path[0] = 'C:/Program Files/Unity/Hub/Editor/2020.3.4f1/Editor/Data/Managed'
Mono path[1] = 'C:/Program Files/Unity/Hub/Editor/2020.3.4f1/Editor/Data/MonoBleedingEdge/lib/mono/unityjit'
Mono config path = 'C:/Program Files/Unity/Hub/Editor/2020.3.4f1/Editor/Data/MonoBleedingEdge/etc'
Using monoOptions --debugger-agent=transport=dt_socket,embedding=1,server=y,suspend=n,address=127.0.0.1:56708
Begin MonoManager ReloadAssembly
Registering precompiled unity dll's ...
Register platform support module: C:/Program Files/Unity/Hub/Editor/2020.3.4f1/Editor/Data/PlaybackEngines/WindowsStandaloneSupport/UnityEditor.WindowsStandalone.Extensions.dll
Registered in 0.001948 seconds.
Native extension for WindowsStandalone target not found
Refreshing native plugins compatible for Editor in 26.29 ms, found 0 plugins.
Preloading 0 native plugins for Editor in 0.00 ms.
Mono: successfully reloaded assembly
- Completed reload, in 13.966 seconds
Platform modules already initialized, skipping
Registering precompiled user dll's ...
Registered in 0.001850 seconds.
Begin MonoManager ReloadAssembly
Native extension for WindowsStandalone target not found
Refreshing native plugins compatible for Editor in 0.25 ms, found 0 plugins.
Preloading 0 native plugins for Editor in 0.00 ms.
Mono: successfully reloaded assembly
- Completed reload, in  0.979 seconds
Platform modules already initialized, skipping
========================================================================
Worker process is ready to serve import requests
Launched and connected shader compiler UnityShaderCompiler.exe after 0.37 seconds
Refreshing native plugins compatible for Editor in 0.41 ms, found 0 plugins.
Preloading 0 native plugins for Editor in 0.00 ms.
Unloading 1139 Unused Serialized files (Serialized files now loaded: 0)
System memory in use before: 57.7 MB.
System memory in use after: 57.7 MB.

Unloading 11 unused Assets to reduce memory usage. Loaded Objects now: 1583.
Total: 296.540400 ms (FindLiveObjects: 0.154500 ms CreateObjectMapping: 0.049800 ms MarkObjects: 239.388400 ms  DeleteObjects: 56.945500 ms)

========================================================================
Received Import Request.
  path: Assets/AI.cs
  artifactKey: Guid(7c3da9624d5beec4c957da88e54b155f) Importer(815301076,1909f56bfc062723c751e8b465ee728b)
Start importing Assets/AI.cs using Guid(7c3da9624d5beec4c957da88e54b155f) Importer(815301076,1909f56bfc062723c751e8b465ee728b)  -> (artifact id: '0e057b6934145187ee93dff64e139834') in 6.763187 seconds
  Import took 6.869061 seconds .

========================================================================
Received Import Request.
  Time since last request: 131.507262 seconds.
  path: Assets/Droid/droid.fbx
  artifactKey: Guid(f522d7a6ae22b4349bb8a2aa6cfb6bff) Importer(815301076,1909f56bfc062723c751e8b465ee728b)
Start importing Assets/Droid/droid.fbx using Guid(f522d7a6ae22b4349bb8a2aa6cfb6bff) Importer(815301076,1909f56bfc062723c751e8b465ee728b)  -> (artifact id: '94dc2b4e19ab8474eb685ce3b4840ad2') in 4.746320 seconds
  Import took 4.833519 seconds .

========================================================================
Received Import Request.
  Time since last request: 0.000236 seconds.
  path: Assets/Droid/shiny.mat
  artifactKey: Guid(35bd573cd6b85425eaf309794052e5a2) Importer(815301076,1909f56bfc062723c751e8b465ee728b)
Start importing Assets/Droid/shiny.mat using Guid(35bd573cd6b85425eaf309794052e5a2) Importer(815301076,1909f56bfc062723c751e8b465ee728b)  -> (artifact id: 'bf7064d8f98b1c6277fc8f2eb3e0b07f') in 1.412730 seconds
  Import took 1.449259 seconds .

========================================================================
Received Import Request.
  Time since last request: 0.000223 seconds.
  path: Assets/Droid/Shell.prefab
  artifactKey: Guid(bffaf0784cc114b09a720f7000e375be) Importer(815301076,1909f56bfc062723c751e8b465ee728b)
Start importing Assets/Droid/Shell.prefab using Guid(bffaf0784cc114b09a720f7000e375be) Importer(815301076,1909f56bfc062723c751e8b465ee728b)  -> (artifact id: 'ae3fd612b3f856dca2cfe0d2481161ec') in 0.438535 seconds
  Import took 0.461250 seconds .

========================================================================
Received Import Request.
  Time since last request: 0.000230 seconds.
  path: Assets/Droid/shiny 1.mat
  artifactKey: Guid(3875f638972ea414a8c02fdfdf68b9fa) Importer(815301076,1909f56bfc062723c751e8b465ee728b)
Start importing Assets/Droid/shiny 1.mat using Guid(3875f638972ea414a8c02fdfdf68b9fa) Importer(815301076,1909f56bfc062723c751e8b465ee728b)  -> (artifact id: 'acef79e345ccb56fadee0e62443e16b8') in 0.199171 seconds
  Import took 0.242540 seconds .

========================================================================
Received Import Request.
  Time since last request: 0.000220 seconds.
  path: Assets/Droid/Shell.fbx
  artifactKey: Guid(8d0ffbca63ce141839c4aefa155e4f33) Importer(815301076,1909f56bfc062723c751e8b465ee728b)
Start importing Assets/Droid/Shell.fbx using Guid(8d0ffbca63ce141839c4aefa155e4f33) Importer(815301076,1909f56bfc062723c751e8b465ee728b)  -> (artifact id: '2145ea9de36ffa745fb0c563c0923fdf') in 0.379132 seconds
  Import took 0.399550 seconds .

========================================================================
Received Prepare
Registering precompiled user dll's ...
Registered in 0.208944 seconds.
Begin MonoManager ReloadAssembly
Native extension for WindowsStandalone target not found
Refreshing native plugins compatible for Editor in 0.89 ms, found 0 plugins.
Preloading 0 native plugins for Editor in 0.00 ms.
Mono: successfully reloaded assembly
- Completed reload, in  4.287 seconds
Platform modules already initialized, skipping
Refreshing native plugins compatible for Editor in 1.15 ms, found 0 plugins.
Preloading 0 native plugins for Editor in 0.00 ms.
Unloading 1133 Unused Serialized files (Serialized files now loaded: 0)
System memory in use before: 61.0 MB.
System memory in use after: 61.1 MB.

Unloading 6 unused Assets to reduce memory usage. Loaded Objects now: 1629.
Total: 45.877200 ms (FindLiveObjects: 0.292900 ms CreateObjectMapping: 0.114000 ms MarkObjects: 45.382600 ms  DeleteObjects: 0.081800 ms)

========================================================================
Received Import Request.
  Time since last request: 451.648437 seconds.
  path: Assets/Droid
  artifactKey: Guid(bc626377bf66e44cabe7e3be8ade43d2) Importer(815301076,1909f56bfc062723c751e8b465ee728b)
Start importing Assets/Droid using Guid(bc626377bf66e44cabe7e3be8ade43d2) Importer(815301076,1909f56bfc062723c751e8b465ee728b)  -> (artifact id: 'cea95989d8644d32bf75e4ff46b1a829') in 0.327746 seconds
  Import took 0.381968 seconds .

========================================================================
Received Import Request.
  Time since last request: 148.391269 seconds.
  path: Assets/New Panda Script.BT.txt
  artifactKey: Guid(e812d726b0eee284e8305cc17792da36) Importer(815301076,1909f56bfc062723c751e8b465ee728b)
Start importing Assets/New Panda Script.BT.txt using Guid(e812d726b0eee284e8305cc17792da36) Importer(815301076,1909f56bfc062723c751e8b465ee728b)  -> (artifact id: '7daced961db0d09094b799f52c5c4284') in 2.125231 seconds
  Import took 2.173562 seconds .

========================================================================
Received Import Request.
  Time since last request: 65.170384 seconds.
  path: Assets/Wander.txt
  artifactKey: Guid(e812d726b0eee284e8305cc17792da36) Importer(815301076,1909f56bfc062723c751e8b465ee728b)
Start importing Assets/Wander.txt using Guid(e812d726b0eee284e8305cc17792da36) Importer(815301076,1909f56bfc062723c751e8b465ee728b)  -> (artifact id: 'c5edc7aa42716d063067507480e8aee7') in 0.225448 seconds
  Import took 0.270082 seconds .

========================================================================
Received Import Request.
  Time since last request: 14.373216 seconds.
  path: Assets/Wander.BT.txt
  artifactKey: Guid(e812d726b0eee284e8305cc17792da36) Importer(815301076,1909f56bfc062723c751e8b465ee728b)
Start importing Assets/Wander.BT.txt using Guid(e812d726b0eee284e8305cc17792da36) Importer(815301076,1909f56bfc062723c751e8b465ee728b)  -> (artifact id: 'e6bed6172edbf92f8f58470dd6889d40') in 2.019289 seconds
  Import took 2.264990 seconds .

========================================================================
Received Prepare
Registering precompiled user dll's ...
Registered in 0.093610 seconds.
Begin MonoManager ReloadAssembly
Native extension for WindowsStandalone target not found
Refreshing native plugins compatible for Editor in 0.35 ms, found 0 plugins.
Preloading 0 native plugins for Editor in 0.00 ms.
Mono: successfully reloaded assembly
- Completed reload, in  1.063 seconds
Platform modules already initialized, skipping
Refreshing native plugins compatible for Editor in 0.44 ms, found 0 plugins.
Preloading 0 native plugins for Editor in 0.00 ms.
Unloading 1133 Unused Serialized files (Serialized files now loaded: 0)
System memory in use before: 61.0 MB.
System memory in use after: 61.1 MB.

Unloading 6 unused Assets to reduce memory usage. Loaded Objects now: 1632.
Total: 2.500000 ms (FindLiveObjects: 0.177700 ms CreateObjectMapping: 0.049500 ms MarkObjects: 2.235000 ms  DeleteObjects: 0.036300 ms)

========================================================================
Received Import Request.
  Time since last request: 824.702250 seconds.
  path: Assets/Wander.BT.txt
  artifactKey: Guid(e812d726b0eee284e8305cc17792da36) Importer(815301076,1909f56bfc062723c751e8b465ee728b)
Start importing Assets/Wander.BT.txt using Guid(e812d726b0eee284e8305cc17792da36) Importer(815301076,1909f56bfc062723c751e8b465ee728b)  -> (artifact id: '0236f8b30c6df5b021bbde18e4b7ec16') in 0.040739 seconds
  Import took 0.063972 seconds .

========================================================================
Received Prepare
Registering precompiled user dll's ...
Registered in 0.002061 seconds.
Begin MonoManager ReloadAssembly
Native extension for WindowsStandalone target not found
Refreshing native plugins compatible for Editor in 0.36 ms, found 0 plugins.
Preloading 0 native plugins for Editor in 0.00 ms.
Mono: successfully reloaded assembly
- Completed reload, in  1.074 seconds
Platform modules already initialized, skipping
Refreshing native plugins compatible for Editor in 0.28 ms, found 0 plugins.
Preloading 0 native plugins for Editor in 0.00 ms.
Unloading 1133 Unused Serialized files (Serialized files now loaded: 0)
System memory in use before: 61.0 MB.
System memory in use after: 61.1 MB.

Unloading 6 unused Assets to reduce memory usage. Loaded Objects now: 1635.
Total: 1.847700 ms (FindLiveObjects: 0.174400 ms CreateObjectMapping: 0.045400 ms MarkObjects: 1.608400 ms  DeleteObjects: 0.018300 ms)

========================================================================
Received Prepare
Registering precompiled user dll's ...
Registered in 0.007326 seconds.
Begin MonoManager ReloadAssembly
Native extension for WindowsStandalone target not found
Refreshing native plugins compatible for Editor in 0.33 ms, found 0 plugins.
Preloading 0 native plugins for Editor in 0.00 ms.
Mono: successfully reloaded assembly
- Completed reload, in  1.088 seconds
Platform modules already initialized, skipping
Refreshing native plugins compatible for Editor in 0.42 ms, found 0 plugins.
Preloading 0 native plugins for Editor in 0.00 ms.
Unloading 1133 Unused Serialized files (Serialized files now loaded: 0)
System memory in use before: 61.0 MB.
System memory in use after: 61.1 MB.

Unloading 6 unused Assets to reduce memory usage. Loaded Objects now: 1638.
Total: 1.928900 ms (FindLiveObjects: 0.272000 ms CreateObjectMapping: 0.120900 ms MarkObjects: 1.516000 ms  DeleteObjects: 0.018600 ms)

========================================================================
Received Prepare
Registering precompiled user dll's ...
Registered in 0.006987 seconds.
Begin MonoManager ReloadAssembly
Native extension for WindowsStandalone target not found
Refreshing native plugins compatible for Editor in 0.29 ms, found 0 plugins.
Preloading 0 native plugins for Editor in 0.00 ms.
Mono: successfully reloaded assembly
- Completed reload, in  1.327 seconds
Platform modules already initialized, skipping
Refreshing native plugins compatible for Editor in 0.60 ms, found 0 plugins.
Preloading 0 native plugins for Editor in 0.00 ms.
Unloading 1133 Unused Serialized files (Serialized files now loaded: 0)
System memory in use before: 61.0 MB.
System memory in use after: 61.1 MB.

Unloading 6 unused Assets to reduce memory usage. Loaded Objects now: 1641.
Total: 2.207000 ms (FindLiveObjects: 0.393200 ms CreateObjectMapping: 0.197400 ms MarkObjects: 1.591200 ms  DeleteObjects: 0.021300 ms)

========================================================================
Received Prepare
Registering precompiled user dll's ...
Registered in 0.003707 seconds.
Begin MonoManager ReloadAssembly
Native extension for WindowsStandalone target not found
Refreshing native plugins compatible for Editor in 0.40 ms, found 0 plugins.
Preloading 0 native plugins for Editor in 0.00 ms.
Mono: successfully reloaded assembly
- Completed reload, in  1.462 seconds
Platform modules already initialized, skipping
Refreshing native plugins compatible for Editor in 1.47 ms, found 0 plugins.
Preloading 0 native plugins for Editor in 0.00 ms.
Unloading 1133 Unused Serialized files (Serialized files now loaded: 0)
System memory in use before: 61.0 MB.
System memory in use after: 61.1 MB.

Unloading 6 unused Assets to reduce memory usage. Loaded Objects now: 1644.
Total: 5.197300 ms (FindLiveObjects: 0.274000 ms CreateObjectMapping: 0.067700 ms MarkObjects: 4.818100 ms  DeleteObjects: 0.032300 ms)

========================================================================
Received Prepare
Registering precompiled user dll's ...
Registered in 0.002367 seconds.
Begin MonoManager ReloadAssembly
Native extension for WindowsStandalone target not found
Refreshing native plugins compatible for Editor in 0.40 ms, found 0 plugins.
Preloading 0 native plugins for Editor in 0.00 ms.
Mono: successfully reloaded assembly
- Completed reload, in  1.084 seconds
Platform modules already initialized, skipping
Refreshing native plugins compatible for Editor in 0.62 ms, found 0 plugins.
Preloading 0 native plugins for Editor in 0.00 ms.
Unloading 1133 Unused Serialized files (Serialized files now loaded: 0)
System memory in use before: 61.0 MB.
System memory in use after: 61.1 MB.

Unloading 6 unused Assets to reduce memory usage. Loaded Objects now: 1647.
Total: 2.283200 ms (FindLiveObjects: 0.352100 ms CreateObjectMapping: 0.102600 ms MarkObjects: 1.807500 ms  DeleteObjects: 0.018600 ms)

========================================================================
Received Prepare
Registering precompiled user dll's ...
Registered in 0.009570 seconds.
Begin MonoManager ReloadAssembly
Native extension for WindowsStandalone target not found
Refreshing native plugins compatible for Editor in 0.30 ms, found 0 plugins.
Preloading 0 native plugins for Editor in 0.00 ms.
Mono: successfully reloaded assembly
- Completed reload, in  1.039 seconds
Platform modules already initialized, skipping
Refreshing native plugins compatible for Editor in 0.57 ms, found 0 plugins.
Preloading 0 native plugins for Editor in 0.00 ms.
Unloading 1133 Unused Serialized files (Serialized files now loaded: 0)
System memory in use before: 61.0 MB.
System memory in use after: 61.1 MB.

Unloading 6 unused Assets to reduce memory usage. Loaded Objects now: 1650.
Total: 2.080800 ms (FindLiveObjects: 0.239900 ms CreateObjectMapping: 0.094800 ms MarkObjects: 1.719700 ms  DeleteObjects: 0.024400 ms)

========================================================================
Received Prepare
Registering precompiled user dll's ...
Registered in 0.002320 seconds.
Begin MonoManager ReloadAssembly
Native extension for WindowsStandalone target not found
Refreshing native plugins compatible for Editor in 0.31 ms, found 0 plugins.
Preloading 0 native plugins for Editor in 0.00 ms.
Mono: successfully reloaded assembly
- Completed reload, in  1.051 seconds
Platform modules already initialized, skipping
Refreshing native plugins compatible for Editor in 0.52 ms, found 0 plugins.
Preloading 0 native plugins for Editor in 0.00 ms.
Unloading 1133 Unused Serialized files (Serialized files now loaded: 0)
System memory in use before: 61.0 MB.
System memory in use after: 61.1 MB.

Unloading 6 unused Assets to reduce memory usage. Loaded Objects now: 1653.
Total: 1.813900 ms (FindLiveObjects: 0.166700 ms CreateObjectMapping: 0.046500 ms MarkObjects: 1.581200 ms  DeleteObjects: 0.018000 ms)

========================================================================
Received Prepare
Registering precompiled user dll's ...
Registered in 0.001865 seconds.
Begin MonoManager ReloadAssembly
Native extension for WindowsStandalone target not found
Refreshing native plugins compatible for Editor in 0.43 ms, found 0 plugins.
Preloading 0 native plugins for Editor in 0.00 ms.
Mono: successfully reloaded assembly
- Completed reload, in  1.223 seconds
Platform modules already initialized, skipping
Refreshing native plugins compatible for Editor in 0.49 ms, found 0 plugins.
Preloading 0 native plugins for Editor in 0.00 ms.
Unloading 1133 Unused Serialized files (Serialized files now loaded: 0)
System memory in use before: 61.0 MB.
System memory in use after: 61.1 MB.

Unloading 6 unused Assets to reduce memory usage. Loaded Objects now: 1656.
Total: 2.185000 ms (FindLiveObjects: 0.329800 ms CreateObjectMapping: 0.091900 ms MarkObjects: 1.743300 ms  DeleteObjects: 0.017800 ms)

========================================================================
Received Prepare
Registering precompiled user dll's ...
Registered in 0.005375 seconds.
Begin MonoManager ReloadAssembly
Native extension for WindowsStandalone target not found
Refreshing native plugins compatible for Editor in 0.28 ms, found 0 plugins.
Preloading 0 native plugins for Editor in 0.00 ms.
Mono: successfully reloaded assembly
- Completed reload, in  1.336 seconds
Platform modules already initialized, skipping
Refreshing native plugins compatible for Editor in 1.12 ms, found 0 plugins.
Preloading 0 native plugins for Editor in 0.00 ms.
Unloading 1133 Unused Serialized files (Serialized files now loaded: 0)
System memory in use before: 61.0 MB.
System memory in use after: 61.1 MB.

Unloading 6 unused Assets to reduce memory usage. Loaded Objects now: 1659.
Total: 2.610400 ms (FindLiveObjects: 0.441300 ms CreateObjectMapping: 0.142700 ms MarkObjects: 2.004200 ms  DeleteObjects: 0.019000 ms)

========================================================================
Received Prepare
Registering precompiled user dll's ...
Registered in 0.003099 seconds.
Begin MonoManager ReloadAssembly
Native extension for WindowsStandalone target not found
Refreshing native plugins compatible for Editor in 1.24 ms, found 0 plugins.
Preloading 0 native plugins for Editor in 0.00 ms.
Mono: successfully reloaded assembly
- Completed reload, in  1.978 seconds
Platform modules already initialized, skipping
Refreshing native plugins compatible for Editor in 2.87 ms, found 0 plugins.
Preloading 0 native plugins for Editor in 0.00 ms.
Unloading 1133 Unused Serialized files (Serialized files now loaded: 0)
System memory in use before: 61.1 MB.
System memory in use after: 61.2 MB.

Unloading 6 unused Assets to reduce memory usage. Loaded Objects now: 1662.
Total: 6.370300 ms (FindLiveObjects: 1.548700 ms CreateObjectMapping: 0.306400 ms MarkObjects: 4.474100 ms  DeleteObjects: 0.030900 ms)

========================================================================
Received Prepare
Registering precompiled user dll's ...
Registered in 0.001811 seconds.
Begin MonoManager ReloadAssembly
Native extension for WindowsStandalone target not found
Refreshing native plugins compatible for Editor in 0.29 ms, found 0 plugins.
Preloading 0 native plugins for Editor in 0.00 ms.
Mono: successfully reloaded assembly
- Completed reload, in  1.387 seconds
Platform modules already initialized, skipping
Refreshing native plugins compatible for Editor in 0.91 ms, found 0 plugins.
Preloading 0 native plugins for Editor in 0.00 ms.
Unloading 1133 Unused Serialized files (Serialized files now loaded: 0)
System memory in use before: 61.1 MB.
System memory in use after: 61.2 MB.

Unloading 6 unused Assets to reduce memory usage. Loaded Objects now: 1665.
Total: 2.337800 ms (FindLiveObjects: 0.240000 ms CreateObjectMapping: 0.068300 ms MarkObjects: 2.003300 ms  DeleteObjects: 0.023900 ms)

========================================================================
Received Prepare
Registering precompiled user dll's ...
Registered in 0.001726 seconds.
Begin MonoManager ReloadAssembly
Native extension for WindowsStandalone target not found
Refreshing native plugins compatible for Editor in 0.30 ms, found 0 plugins.
Preloading 0 native plugins for Editor in 0.00 ms.
Mono: successfully reloaded assembly
- Completed reload, in  1.115 seconds
Platform modules already initialized, skipping
Refreshing native plugins compatible for Editor in 0.45 ms, found 0 plugins.
Preloading 0 native plugins for Editor in 0.00 ms.
Unloading 1133 Unused Serialized files (Serialized files now loaded: 0)
System memory in use before: 61.1 MB.
System memory in use after: 61.2 MB.

Unloading 6 unused Assets to reduce memory usage. Loaded Objects now: 1668.
Total: 2.486200 ms (FindLiveObjects: 0.177900 ms CreateObjectMapping: 0.075800 ms MarkObjects: 2.208900 ms  DeleteObjects: 0.021900 ms)

========================================================================
Received Prepare
Registering precompiled user dll's ...
Registered in 0.002598 seconds.
Begin MonoManager ReloadAssembly
Native extension for WindowsStandalone target not found
Refreshing native plugins compatible for Editor in 0.28 ms, found 0 plugins.
Preloading 0 native plugins for Editor in 0.00 ms.
Mono: successfully reloaded assembly
- Completed reload, in  1.318 seconds
Platform modules already initialized, skipping
Refreshing native plugins compatible for Editor in 0.46 ms, found 0 plugins.
Preloading 0 native plugins for Editor in 0.03 ms.
Unloading 1133 Unused Serialized files (Serialized files now loaded: 0)
System memory in use before: 61.1 MB.
System memory in use after: 61.2 MB.

Unloading 6 unused Assets to reduce memory usage. Loaded Objects now: 1671.
Total: 3.096400 ms (FindLiveObjects: 0.333900 ms CreateObjectMapping: 0.102200 ms MarkObjects: 2.638100 ms  DeleteObjects: 0.020300 ms)

========================================================================
Received Prepare
Registering precompiled user dll's ...
Registered in 0.002648 seconds.
Begin MonoManager ReloadAssembly
Native extension for WindowsStandalone target not found
Refreshing native plugins compatible for Editor in 0.28 ms, found 0 plugins.
Preloading 0 native plugins for Editor in 0.00 ms.
Mono: successfully reloaded assembly
- Completed reload, in  1.745 seconds
Platform modules already initialized, skipping
Refreshing native plugins compatible for Editor in 0.58 ms, found 0 plugins.
Preloading 0 native plugins for Editor in 0.00 ms.
Unloading 1133 Unused Serialized files (Serialized files now loaded: 0)
System memory in use before: 61.1 MB.
System memory in use after: 61.2 MB.

Unloading 6 unused Assets to reduce memory usage. Loaded Objects now: 1674.
Total: 7.839100 ms (FindLiveObjects: 3.221100 ms CreateObjectMapping: 0.550100 ms MarkObjects: 4.027700 ms  DeleteObjects: 0.036600 ms)

========================================================================
Received Prepare
Registering precompiled user dll's ...
Registered in 0.005151 seconds.
Begin MonoManager ReloadAssembly
Native extension for WindowsStandalone target not found
Refreshing native plugins compatible for Editor in 0.29 ms, found 0 plugins.
Preloading 0 native plugins for Editor in 0.00 ms.
Mono: successfully reloaded assembly
- Completed reload, in  1.391 seconds
Platform modules already initialized, skipping
Refreshing native plugins compatible for Editor in 2.01 ms, found 0 plugins.
Preloading 0 native plugins for Editor in 0.00 ms.
Unloading 1133 Unused Serialized files (Serialized files now loaded: 0)
System memory in use before: 61.1 MB.
System memory in use after: 61.2 MB.

Unloading 6 unused Assets to reduce memory usage. Loaded Objects now: 1677.
Total: 1.749600 ms (FindLiveObjects: 0.169500 ms CreateObjectMapping: 0.045700 ms MarkObjects: 1.514100 ms  DeleteObjects: 0.018800 ms)

========================================================================
Received Prepare
Registering precompiled user dll's ...
Registered in 0.003979 seconds.
Begin MonoManager ReloadAssembly
Native extension for WindowsStandalone target not found
Refreshing native plugins compatible for Editor in 0.30 ms, found 0 plugins.
Preloading 0 native plugins for Editor in 0.00 ms.
Mono: successfully reloaded assembly
- Completed reload, in  1.227 seconds
Platform modules already initialized, skipping
Refreshing native plugins compatible for Editor in 0.92 ms, found 0 plugins.
Preloading 0 native plugins for Editor in 0.00 ms.
Unloading 1133 Unused Serialized files (Serialized files now loaded: 0)
System memory in use before: 61.1 MB.
System memory in use after: 61.2 MB.

Unloading 6 unused Assets to reduce memory usage. Loaded Objects now: 1680.
Total: 3.005200 ms (FindLiveObjects: 0.267000 ms CreateObjectMapping: 0.055600 ms MarkObjects: 2.657600 ms  DeleteObjects: 0.022800 ms)

========================================================================
Received Prepare
Registering precompiled user dll's ...
Registered in 0.002812 seconds.
Begin MonoManager ReloadAssembly
Native extension for WindowsStandalone target not found
Refreshing native plugins compatible for Editor in 0.28 ms, found 0 plugins.
Preloading 0 native plugins for Editor in 0.00 ms.
Mono: successfully reloaded assembly
- Completed reload, in  1.077 seconds
Platform modules already initialized, skipping
Refreshing native plugins compatible for Editor in 0.58 ms, found 0 plugins.
Preloading 0 native plugins for Editor in 0.00 ms.
Unloading 1133 Unused Serialized files (Serialized files now loaded: 0)
System memory in use before: 61.1 MB.
System memory in use after: 61.2 MB.

Unloading 6 unused Assets to reduce memory usage. Loaded Objects now: 1683.
Total: 2.257900 ms (FindLiveObjects: 0.402900 ms CreateObjectMapping: 0.126800 ms MarkObjects: 1.707900 ms  DeleteObjects: 0.018500 ms)

========================================================================
Received Prepare
Registering precompiled user dll's ...
Registered in 0.014248 seconds.
Begin MonoManager ReloadAssembly
Native extension for WindowsStandalone target not found
Refreshing native plugins compatible for Editor in 0.32 ms, found 0 plugins.
Preloading 0 native plugins for Editor in 0.00 ms.
Mono: successfully reloaded assembly
- Completed reload, in  1.245 seconds
Platform modules already initialized, skipping
Refreshing native plugins compatible for Editor in 0.62 ms, found 0 plugins.
Preloading 0 native plugins for Editor in 0.00 ms.
Unloading 1133 Unused Serialized files (Serialized files now loaded: 0)
System memory in use before: 61.1 MB.
System memory in use after: 61.2 MB.

Unloading 6 unused Assets to reduce memory usage. Loaded Objects now: 1686.
Total: 3.400300 ms (FindLiveObjects: 0.788600 ms CreateObjectMapping: 0.119000 ms MarkObjects: 2.467400 ms  DeleteObjects: 0.023500 ms)

========================================================================
Received Prepare
Registering precompiled user dll's ...
Registered in 0.123272 seconds.
Begin MonoManager ReloadAssembly
Native extension for WindowsStandalone target not found
Refreshing native plugins compatible for Editor in 0.31 ms, found 0 plugins.
Preloading 0 native plugins for Editor in 0.00 ms.
Mono: successfully reloaded assembly
- Completed reload, in  2.092 seconds
Platform modules already initialized, skipping
Refreshing native plugins compatible for Editor in 0.51 ms, found 0 plugins.
Preloading 0 native plugins for Editor in 0.00 ms.
Unloading 1133 Unused Serialized files (Serialized files now loaded: 0)
System memory in use before: 61.1 MB.
System memory in use after: 61.2 MB.

Unloading 6 unused Assets to reduce memory usage. Loaded Objects now: 1689.
Total: 2.088800 ms (FindLiveObjects: 0.195700 ms CreateObjectMapping: 0.061900 ms MarkObjects: 1.804600 ms  DeleteObjects: 0.025300 ms)

========================================================================
Received Import Request.
  Time since last request: 1428.082483 seconds.
  path: Assets/New Panda Script.BT.txt
  artifactKey: Guid(9b9d5a7454568124bbb56c518a4b759a) Importer(815301076,1909f56bfc062723c751e8b465ee728b)
Start importing Assets/New Panda Script.BT.txt using Guid(9b9d5a7454568124bbb56c518a4b759a) Importer(815301076,1909f56bfc062723c751e8b465ee728b)  -> (artifact id: '213c0f172bd7b7d92d771228010a30e0') in 1.004308 seconds
  Import took 1.269616 seconds .

========================================================================
Received Import Request.
  Time since last request: 19.768279 seconds.
  path: Assets/Patrol.BT.txt
  artifactKey: Guid(9b9d5a7454568124bbb56c518a4b759a) Importer(815301076,1909f56bfc062723c751e8b465ee728b)
Start importing Assets/Patrol.BT.txt using Guid(9b9d5a7454568124bbb56c518a4b759a) Importer(815301076,1909f56bfc062723c751e8b465ee728b)  -> (artifact id: '01a2124090cf9d735398d45a904b1c1f') in 0.177348 seconds
  Import took 0.349125 seconds .

========================================================================
Received Import Request.
  Time since last request: 434.812531 seconds.
  path: Assets/New Panda Script.BT.txt
  artifactKey: Guid(c0433f88341c4754592552ae4117f7ca) Importer(815301076,1909f56bfc062723c751e8b465ee728b)
Start importing Assets/New Panda Script.BT.txt using Guid(c0433f88341c4754592552ae4117f7ca) Importer(815301076,1909f56bfc062723c751e8b465ee728b)  -> (artifact id: '149a5f90ec17c667f158b461e685f2ad') in 0.065755 seconds
  Import took 0.139949 seconds .

========================================================================
Received Import Request.
  Time since last request: 3.176729 seconds.
  path: Assets/Drive.cs
  artifactKey: Guid(b8621996a1f354dc586a6379c74501be) Importer(815301076,1909f56bfc062723c751e8b465ee728b)
Start importing Assets/Drive.cs using Guid(b8621996a1f354dc586a6379c74501be) Importer(815301076,1909f56bfc062723c751e8b465ee728b)  -> (artifact id: '8ed524d2d36ac7ee56b974dedbbd0f90') in 0.101728 seconds
  Import took 0.122999 seconds .

========================================================================
Received Import Request.
  Time since last request: 8.350063 seconds.
  path: Assets/Attack.BT.txt
  artifactKey: Guid(c0433f88341c4754592552ae4117f7ca) Importer(815301076,1909f56bfc062723c751e8b465ee728b)
Start importing Assets/Attack.BT.txt using Guid(c0433f88341c4754592552ae4117f7ca) Importer(815301076,1909f56bfc062723c751e8b465ee728b)  -> (artifact id: '2af0422cc9ba2a9f065911e90e0e9d0b') in 0.378200 seconds
  Import took 0.532100 seconds .

========================================================================
Received Prepare
Registering precompiled user dll's ...
Registered in 0.001639 seconds.
Begin MonoManager ReloadAssembly
Native extension for WindowsStandalone target not found
Refreshing native plugins compatible for Editor in 0.43 ms, found 0 plugins.
Preloading 0 native plugins for Editor in 0.00 ms.
Mono: successfully reloaded assembly
- Completed reload, in  5.148 seconds
Platform modules already initialized, skipping
Refreshing native plugins compatible for Editor in 0.28 ms, found 0 plugins.
Preloading 0 native plugins for Editor in 0.00 ms.
Unloading 1133 Unused Serialized files (Serialized files now loaded: 0)
System memory in use before: 61.1 MB.
System memory in use after: 61.2 MB.

Unloading 6 unused Assets to reduce memory usage. Loaded Objects now: 1692.
Total: 28.020500 ms (FindLiveObjects: 0.164600 ms CreateObjectMapping: 0.045200 ms MarkObjects: 27.770500 ms  DeleteObjects: 0.037300 ms)

========================================================================
Received Import Request.
  Time since last request: 1905.062419 seconds.
  path: Assets/Attack.BT.txt
  artifactKey: Guid(c0433f88341c4754592552ae4117f7ca) Importer(815301076,1909f56bfc062723c751e8b465ee728b)
Start importing Assets/Attack.BT.txt using Guid(c0433f88341c4754592552ae4117f7ca) Importer(815301076,1909f56bfc062723c751e8b465ee728b)  -> (artifact id: '9cf24856079a5f26616920d4b2ebc181') in 0.035528 seconds
  Import took 0.048834 seconds .

========================================================================
Received Import Request.
  Time since last request: 274.463004 seconds.
  path: Assets/New Panda Script.BT.txt
  artifactKey: Guid(16acb93a362efbf4d9bd7952f8f9d001) Importer(815301076,1909f56bfc062723c751e8b465ee728b)
Start importing Assets/New Panda Script.BT.txt using Guid(16acb93a362efbf4d9bd7952f8f9d001) Importer(815301076,1909f56bfc062723c751e8b465ee728b)  -> (artifact id: '5640441da5a1a88a125e397e6d029374') in 0.045770 seconds
  Import took 0.086765 seconds .

========================================================================
Received Import Request.
  Time since last request: 44.267575 seconds.
  path: Assets/LookAround.BT.txt
  artifactKey: Guid(16acb93a362efbf4d9bd7952f8f9d001) Importer(815301076,1909f56bfc062723c751e8b465ee728b)
Start importing Assets/LookAround.BT.txt using Guid(16acb93a362efbf4d9bd7952f8f9d001) Importer(815301076,1909f56bfc062723c751e8b465ee728b)  -> (artifact id: '5a0794c8a2ba71cdf591b47906f5930a') in 0.112862 seconds
  Import took 0.151642 seconds .

